
 -----------------------------------------------
      Restrained ESP Fit 2.3  Amber 4.1
 -----------------------------------------------
 Stage 1 resp fit for connector id 2.                                            
 -----------------------------------------------


 inopt       =     0   ioutopt     =     1
 nmol        =     3   iqopt       =     1
 ihfree      =     1   irstrnt     =     1
 iunits      =     0   qwt         =   0.00500000

 %RESP-I-MULT_MOL,  multiple-molecule run of   3 molecules

 Reading input for molecule   1 weight:     1.000
  Conf 0                                                                        

 Total charge (ich):  0
 Number of centers: 24
    1    6    0
    2    6    0
    3    6    0
    4    6    0
    5    7    0
    6    7    0
    7    8    0
    8    8    7
    9    8    0
   10    8    9
   11   16    0
   12   16    0
   13    1    0
   14    1    0
   15    1    0
   16    1    0
   17    1    0
   18    1    0
   19    1    0
   20    1    0
   21    1    0
   22    1    0
   23    1    0
   24    1    0

 Reading input for molecule   2 weight:     1.000
  Conf 1                                                                        

 Total charge (ich):  0
 Number of centers: 24
   25    6    0
   26    6    0
   27    6    0
   28    6    0
   29    7    0
   30    7    0
   31    8    0
   32    8    0
   33    8    0
   34    8    0
   35   16    0
   36   16    0
   37    1    0
   38    1    0
   39    1    0
   40    1    0
   41    1    0
   42    1    0
   43    1    0
   44    1    0
   45    1    0
   46    1    0
   47    1    0
   48    1    0

 Reading input for molecule   3 weight:     1.000
  Conf 2                                                                        

 Total charge (ich):  0
 Number of centers: 24
   49    6    0
   50    6    0
   51    6    0
   52    6    0
   53    7    0
   54    7    0
   55    8    0
   56    8    0
   57    8    0
   58    8    0
   59   16    0
   60   16    0
   61    1    0
   62    1    0
   63    1    0
   64    1    0
   65    1    0
   66    1    0
   67    1    0
   68    1    0
   69    1    0
   70    1    0
   71    1    0
   72    1    0
    1   11    1    7    1    8    1    3    1   19    1   20    1   21
    1    5    1   23    1    2    1   16    1   17    1   18

 Iqopt =1: all q0 values will be set to 0
 --------------------------------
 reading mult_mol constraint info
 --------------------------------
    1    1    2    1    3    1
    1    2    2    2    3    2
    1    3    2    3    3    3
    1    4    2    4    3    4
    1    5    2    5    3    5
    1    6    2    6    3    6
    1    7    2    7    3    7
    1    8    2    8    3    8
    1    9    2    9    3    9
    1   10    2   10    3   10
    1   11    2   11    3   11
    1   12    2   12    3   12
    1   13    2   13    3   13
    1   14    2   14    3   14
    1   15    2   15    3   15
    1   16    2   16    3   16
    1   17    2   17    3   17
    1   18    2   18    3   18
    1   19    2   19    3   19
    1   20    2   20    3   20
    1   21    2   21    3   21
    1   22    2   22    3   22
    1   23    2   23    3   23
    1   24    2   24    3   24

  --------------------
     Atom   Ivary
  --------------------
    6    0
    6    0
    6    0
    6    0
    7    0
    7    0
    8    0
    8    7
    8    0
    8    9
   16    0
   16    0
    1    0
    1    0
    1    0
    1    0
    1    0
    1    0
    1    0
    1    0
    1    0
    1    0
    1    0
    1    0

    6    1
    6    2
    6    3
    6    4
    7    5
    7    6
    8    7
    8    7
    8    9
    8    9
   16   11
   16   12
    1   13
    1   14
    1   15
    1   16
    1   17
    1   18
    1   19
    1   20
    1   21
    1   22
    1   23
    1   24

    6    1
    6    2
    6    3
    6    4
    7    5
    7    6
    8    7
    8    7
    8    9
    8    9
   16   11
   16   12
    1   13
    1   14
    1   15
    1   16
    1   17
    1   18
    1   19
    1   20
    1   21
    1   22
    1   23
    1   24

  ----------------------------------------------------------------------------


 Total number of atoms      =   72
 Weight factor on initial charge restraints=  0.005000


 There are  5 charge constraints

 Reading esp"s for molecule   1
 total number of atoms      =    24
 total number of esp points =  1103


 center     X       Y       Z 
    1   0.1523363E+01   0.4229197E+01  -0.1269386E+00
    2   0.7631033E+01   0.2394906E+00   0.7736973E+00
    3  -0.4619624E+01  -0.3207285E+01  -0.4664354E+00
    4   0.4312884E+00   0.1609720E+01   0.3604066E+00
    5   0.5093008E+01  -0.3787257E+00   0.1727213E+01
    6  -0.1814059E+01   0.1109579E+01  -0.1091893E+01
    7  -0.6557499E+01   0.1378464E+01  -0.1139053E+01
    8  -0.4261062E+01   0.3795515E+00   0.3004640E+01
    9   0.3766589E+01  -0.4072737E+00  -0.2966649E+01
   10   0.1593366E+01  -0.3332186E+01   0.2339878E+00
   11  -0.4538186E+01   0.1089144E+00   0.2627626E+00
   12   0.2769083E+01  -0.8977824E+00  -0.4240923E+00
   13   0.1971366E+01   0.4478227E+01  -0.2131227E+01
   14   0.1365403E+00   0.5653905E+01   0.4431048E+00
   15   0.3246631E+01   0.4515682E+01   0.9752498E+00
   16   0.7513462E+01   0.1880986E+01  -0.4675333E+00
   17   0.8521538E+01  -0.1309852E+01  -0.2737136E+00
   18   0.8802962E+01   0.7292339E+00   0.2404015E+01
   19  -0.6269939E+01  -0.3993819E+01   0.4929067E+00
   20  -0.4796334E+01  -0.3418076E+01  -0.2510121E+01
   21  -0.2869127E+01  -0.4062132E+01   0.2084708E+00
   22   0.2746717E-01   0.1314153E+01   0.2364686E+01
   23   0.5081216E+01  -0.1862880E+01   0.2950667E+01
   24  -0.2140281E+01   0.2205335E+01  -0.2630242E+01

 Reading esp"s for molecule   2
 total number of atoms      =    24
 total number of esp points =  1098


 center     X       Y       Z 
    1  -0.1575427E+01   0.4519055E+01   0.1776524E+01
    2  -0.5014118E+01  -0.3322677E+01   0.2069560E+01
    3   0.6546425E+01  -0.4785731E-01   0.1685895E+01
    4  -0.4129902E+00   0.2472516E+01   0.1163712E+00
    5  -0.2640947E+01  -0.2108037E+01   0.1265302E+01
    6   0.1608491E+01   0.1182948E+01   0.1451825E+01
    7   0.4143863E+01   0.7983223E+00  -0.2649693E+01
    8   0.3126015E+01  -0.3205537E+01  -0.1249109E+00
    9  -0.2143739E+01  -0.7718416E+00  -0.3450791E+01
   10  -0.5428298E+01   0.1359784E+01  -0.6266785E+00
   11   0.3782298E+01  -0.5068548E+00  -0.2434345E+00
   12  -0.2930957E+01   0.2012350E+00  -0.9764838E+00
   13  -0.2340855E+01   0.3719238E+01   0.3524541E+01
   14  -0.1087292E+00   0.5892475E+01   0.2263092E+01
   15  -0.3110657E+01   0.5473272E+01   0.7825393E+00
   16  -0.6321389E+01  -0.1871021E+01   0.2724503E+01
   17  -0.4562794E+01  -0.4583927E+01   0.3643225E+01
   18  -0.5927950E+01  -0.4415725E+01   0.5644101E+00
   19   0.8070033E+01  -0.1122316E+01   0.7988779E+00
   20   0.6995650E+01   0.1962624E+01   0.1728784E+01
   21   0.6179962E+01  -0.7715317E+00   0.3582731E+01
   22   0.3387882E+00   0.3232172E+01  -0.1649874E+01
   23  -0.1333026E+01  -0.3376065E+01   0.6207088E+00
   24   0.8806066E+00   0.5430695E-01   0.2841744E+01

 Reading esp"s for molecule   3
 total number of atoms      =    24
 total number of esp points =  1109


 center     X       Y       Z 
    1  -0.1522652E+01   0.4230573E+01   0.1264926E+00
    2  -0.7632730E+01   0.2337402E+00  -0.7731644E+00
    3   0.4619084E+01  -0.3207772E+01   0.4687484E+00
    4  -0.4306591E+00   0.1610997E+01  -0.3608810E+00
    5  -0.5093002E+01  -0.3767339E+00  -0.1727336E+01
    6   0.1814838E+01   0.1110832E+01   0.1090727E+01
    7   0.6558307E+01   0.1377856E+01   0.1137585E+01
    8   0.4260452E+01   0.3767282E+00  -0.3004872E+01
    9  -0.3766940E+01  -0.4045544E+00   0.2966265E+01
   10  -0.1593252E+01  -0.3330971E+01  -0.2326517E+00
   11   0.4538285E+01   0.1080243E+00  -0.2629346E+00
   12  -0.2769029E+01  -0.8961194E+00   0.4240129E+00
   13  -0.1970446E+01   0.4479590E+01   0.2130827E+01
   14  -0.1358392E+00   0.5655238E+01  -0.4436283E+00
   15  -0.3246043E+01   0.4516883E+01  -0.9755181E+00
   16  -0.7518751E+01   0.1871963E+01   0.4726602E+00
   17  -0.8520631E+01  -0.1320331E+01   0.2694560E+00
   18  -0.8804934E+01   0.7256245E+00  -0.2402647E+01
   19   0.6269079E+01  -0.3995376E+01  -0.4902724E+00
   20   0.4796346E+01  -0.3417027E+01   0.2512540E+01
   21   0.2868323E+01  -0.4062767E+01  -0.2052261E+00
   22  -0.2692482E-01   0.1315227E+01  -0.2365141E+01
   23  -0.5077819E+01  -0.1857994E+01  -0.2954277E+01
   24   0.2139899E+01   0.2202124E+01   0.2632432E+01
 Initial ssvpot =     1.683


 Number of unique UNfrozen centers=   22

 Non-linear optimization requested.
 qchnge =    0.4213365647E-01
 qchnge =    0.5340478971E-02
 qchnge =    0.8185973422E-03
 qchnge =    0.1172906963E-03
 qchnge =    0.2304605270E-04
 qchnge =    0.5434626261E-05
 qchnge =    0.1328311816E-05
 qchnge =    0.3283502568E-06

 Convergence in    7 iterations




  Conf 2                                                                        

          Point Charges Before & After Optimization

    no.  At.no.    q(init)       q(opt)     ivary    d(rstr)/dq
    1   6       0.000000      -0.013274      0       0.049565
    2   6       0.000000      -0.006823      0       0.049884
    3   6       0.000000      -0.028826      0       0.048044
    4   6       0.000000       0.021789      0       0.048854
    5   7       0.000000      -0.603290      0       0.008176
    6   7       0.000000      -0.530664      0       0.009259
    7   8       0.000000      -0.436613      0       0.011163
    8   8       0.000000      -0.436613      7       0.011163
    9   8       0.000000      -0.417726      0       0.011641
   10   8       0.000000      -0.417726      9       0.011641
   11  16       0.000000       0.684598      0       0.007227
   12  16       0.000000       0.688350      0       0.007188
   13   1       0.000000       0.055433      0       0.000000
   14   1       0.000000       0.045081      0       0.000000
   15   1       0.000000       0.044279      0       0.000000
   16   1       0.000000       0.065515      0       0.000000
   17   1       0.000000       0.085414      0       0.000000
   18   1       0.000000       0.091630      0       0.000000
   19   1       0.000000       0.091602      0       0.000000
   20   1       0.000000       0.071054      0       0.000000
   21   1       0.000000       0.054798      0       0.000000
   22   1       0.000000       0.163225      0       0.000000
   23   1       0.000000       0.367554      0       0.000000
   24   1       0.000000       0.361234      0       0.000000

   25   6       0.000000      -0.013274      1       0.049565
   26   6       0.000000      -0.006823      2       0.049884
   27   6       0.000000      -0.028826      3       0.048044
   28   6       0.000000       0.021789      4       0.048854
   29   7       0.000000      -0.603290      5       0.008176
   30   7       0.000000      -0.530664      6       0.009259
   31   8       0.000000      -0.436613      7       0.011163
   32   8       0.000000      -0.436613      7       0.011163
   33   8       0.000000      -0.417726      9       0.011641
   34   8       0.000000      -0.417726      9       0.011641
   35  16       0.000000       0.684598     11       0.007227
   36  16       0.000000       0.688350     12       0.007188
   37   1       0.000000       0.055433     13       0.000000
   38   1       0.000000       0.045081     14       0.000000
   39   1       0.000000       0.044279     15       0.000000
   40   1       0.000000       0.065515     16       0.000000
   41   1       0.000000       0.085414     17       0.000000
   42   1       0.000000       0.091630     18       0.000000
   43   1       0.000000       0.091602     19       0.000000
   44   1       0.000000       0.071054     20       0.000000
   45   1       0.000000       0.054798     21       0.000000
   46   1       0.000000       0.163225     22       0.000000
   47   1       0.000000       0.367554     23       0.000000
   48   1       0.000000       0.361234     24       0.000000

   49   6       0.000000      -0.013274      1       0.049565
   50   6       0.000000      -0.006823      2       0.049884
   51   6       0.000000      -0.028826      3       0.048044
   52   6       0.000000       0.021789      4       0.048854
   53   7       0.000000      -0.603290      5       0.008176
   54   7       0.000000      -0.530664      6       0.009259
   55   8       0.000000      -0.436613      7       0.011163
   56   8       0.000000      -0.436613      7       0.011163
   57   8       0.000000      -0.417726      9       0.011641
   58   8       0.000000      -0.417726      9       0.011641
   59  16       0.000000       0.684598     11       0.007227
   60  16       0.000000       0.688350     12       0.007188
   61   1       0.000000       0.055433     13       0.000000
   62   1       0.000000       0.045081     14       0.000000
   63   1       0.000000       0.044279     15       0.000000
   64   1       0.000000       0.065515     16       0.000000
   65   1       0.000000       0.085414     17       0.000000
   66   1       0.000000       0.091630     18       0.000000
   67   1       0.000000       0.091602     19       0.000000
   68   1       0.000000       0.071054     20       0.000000
   69   1       0.000000       0.054798     21       0.000000
   70   1       0.000000       0.163225     22       0.000000
   71   1       0.000000       0.367554     23       0.000000
   72   1       0.000000       0.361234     24       0.000000

 Sum over the calculated charges:     -0.000

        Statistics of the fitting:
  The initial sum of squares (ssvpot)                      1.683
  The residual sum of squares (chipot)                     0.035
  The std err of estimate (sqrt(chipot/N))               0.00565
  ESP relative RMS (SQRT(chipot/ssvpot))                 0.14514
