
 -----------------------------------------------
      Restrained ESP Fit 2.3  Amber 4.1
 -----------------------------------------------
 Stage 1 of multimolecule multiconformation resp fit.                            
 -----------------------------------------------


 inopt       =     0   ioutopt     =     1
 nmol        =     1   iqopt       =     1
 ihfree      =     1   irstrnt     =     1
 iunits      =     0   qwt         =   0.00050000
 wtmol(1) =     1.000000
 subtitle:

  Mol 44 Conf 0                                                                 
ich =   1  iuniq =  18
    1    7    0
    2    6    0
    3    7    0
    4    1    0
    5    1    0
    6    6    0
    7    6    0
    8    6    0
    9    6    0
   10    6    8
   11    6    7
   12    1    0
   13    1    0
   14    1    0
   15    1    0
   16    1    0
   17    1    0
   18    1    0
 IQOPT=1, all q0 values will be set to 0


  ----------------------------------------------------------------------------
     ATOM                       COORDINATES                         CHARGE
                       X             Y                Z
  ----------------------------------------------------------------------------
  ----------------------------------------------------------------------------


 Charge on the molecule(ich) =    1
 Total number of atoms (iuniq)     =   18
 Weight factor on initial charge restraints(qwt)=     0.50000D-03


  there are  1 charge constraints:


     1       1
     2       1
     3       1
     4       1
     5       1
     6       1
     7       1
     8       1
     9       1
    10       1
    11       1
    12       1
    13       1
    14       1
    15       1
    16       1
    17       1
    18       1

 Reading esp"s for molecule   1
 total number of atoms      =    18
 total number of esp points =   878


 center     X       Y       Z 
    1  -0.4365250E+01  -0.1994254E+01   0.8731611E+00
    2  -0.3109278E+01  -0.3401507E-04  -0.6803014E-04
    3  -0.4365367E+01   0.1994192E+01  -0.8730383E+00
    4  -0.3430597E+01   0.3373817E+01  -0.1809108E+01
    5  -0.6269773E+01   0.2155686E+01  -0.7545222E+00
    6  -0.3371819E+00  -0.3212534E-04  -0.1285014E-03
    7   0.9918284E+00  -0.2255711E+01  -0.4705493E+00
    8   0.3620694E+01  -0.2242351E+01  -0.4764812E+00
    9   0.4933891E+01   0.5669178E-04   0.1020452E-03
   10   0.3620590E+01   0.2242432E+01   0.4765227E+00
   11   0.9917169E+00   0.2255685E+01   0.4704057E+00
   12  -0.6269674E+01  -0.2155746E+01   0.7549625E+00
   13  -0.3430278E+01  -0.3373796E+01   0.1809146E+01
   14  -0.1683935E-01  -0.3985816E+01  -0.9223885E+00
   15   0.4644829E+01  -0.3974440E+01  -0.8716739E+00
   16   0.6985465E+01   0.7747877E-04   0.2305466E-03
   17   0.4644637E+01   0.3974578E+01   0.8716834E+00
   18  -0.1702454E-01   0.3985812E+01   0.9219860E+00
 Initial ssvpot =    13.640


 Number of unique UNfrozen centers=   16

 Non-linear optimization requested.
 qchnge =    0.9102193624E-01
 qchnge =    0.4489005517E-02
 qchnge =    0.9759267661E-03
 qchnge =    0.2323112633E-03
 qchnge =    0.5718303990E-04
 qchnge =    0.1455887411E-04
 qchnge =    0.3902169158E-05
 qchnge =    0.1124405339E-05
 qchnge =    0.3511390489E-06

 Convergence in    8 iterations


  Mol 44 Conf 0                                                                 

          Point Charges Before & After Optimization

    no.  At.no.    q(init)       q(opt)     ivary    d(rstr)/dq
    1   7       0.000000      -0.752446      0       0.000659
    2   6       0.000000       0.588359      0       0.000838
    3   7       0.000000      -0.752450      0       0.000659
    4   1       0.000000       0.408858      0       0.000000
    5   1       0.000000       0.437821      0       0.000000
    6   6       0.000000      -0.046383      0       0.004536
    7   6       0.000000      -0.108027      0       0.003397
    8   6       0.000000      -0.142563      0       0.002871
    9   6       0.000000      -0.054598      0       0.004388
   10   6       0.000000      -0.142563      8       0.002871
   11   6       0.000000      -0.108027      7       0.003397
   12   1       0.000000       0.437821      0       0.000000
   13   1       0.000000       0.408848      0       0.000000
   14   1       0.000000       0.152144      0       0.000000
   15   1       0.000000       0.174725      0       0.000000
   16   1       0.000000       0.171613      0       0.000000
   17   1       0.000000       0.174727      0       0.000000
   18   1       0.000000       0.152139      0       0.000000

 Sum over the calculated charges:      1.000

        Statistics of the fitting:
  The initial sum of squares (ssvpot)                     13.640
  The residual sum of squares (chipot)                     0.001
  The std err of estimate (sqrt(chipot/N))               0.00124
  ESP relative RMS (SQRT(chipot/ssvpot))                 0.00991

 Center of Mass (Angst.):

 X  =   0.00000      Y  =   0.00000      Z  =   0.00000

 Dipole (Debye):

 X  =  -5.69040      Y  =   0.00012      Z  =   0.00012

 Dipole Moment (Debye)=   5.69040

 Quadrupole (Debye*Angst.):

 Qxx =  61.48643     QYY =  -4.97177     QZZ = -56.51466
 Qxy = -66.36077     QXZ = -66.36010     QYZ = -74.43017
