
 -----------------------------------------------
      Restrained ESP Fit 2.3  Amber 4.1
 -----------------------------------------------
 Stage 1 of multimolecule multiconformation resp fit.                            
 -----------------------------------------------


 inopt       =     0   ioutopt     =     1
 nmol        =     1   iqopt       =     1
 ihfree      =     1   irstrnt     =     1
 iunits      =     0   qwt         =   0.00050000
 wtmol(1) =     1.000000
 subtitle:

  Mol 41 Conf 0                                                                 
ich =   0  iuniq =  13
    1    7    0
    2    6    0
    3    8    0
    4    6    0
    5    6    0
    6    6    0
    7    6    0
    8   17    0
    9   16    0
   10    1    0
   11    1    0
   12    1    0
   13    1    0
 IQOPT=1, all q0 values will be set to 0


  ----------------------------------------------------------------------------
     ATOM                       COORDINATES                         CHARGE
                       X             Y                Z
  ----------------------------------------------------------------------------
  ----------------------------------------------------------------------------


 Charge on the molecule(ich) =    0
 Total number of atoms (iuniq)     =   13
 Weight factor on initial charge restraints(qwt)=     0.50000D-03


  there are  1 charge constraints:


     1       1
     2       1
     3       1
     4       1
     5       1
     6       1
     7       1
     8       1
     9       1
    10       1
    11       1
    12       1
    13       1

 Reading esp"s for molecule   1
 total number of atoms      =    13
 total number of esp points =   912


 center     X       Y       Z 
    1  -0.5363139E+01  -0.2443236E+01   0.2159050E+00
    2  -0.4590804E+01   0.2613680E-01  -0.3134489E-01
    3  -0.6081716E+01   0.1770329E+01  -0.3221813E+00
    4  -0.1820672E+01   0.4871128E+00  -0.6840808E-03
    5  -0.7344042E+00   0.2836651E+01   0.1560762E+00
    6   0.1951558E+01   0.2792412E+01   0.1796430E+00
    7   0.2877665E+01   0.3804755E+00   0.3116914E-01
    8   0.6023212E+01  -0.5107627E+00  -0.1933190E-01
    9   0.4953520E+00  -0.1879402E+01  -0.1659444E+00
   10  -0.7248522E+01  -0.2690747E+01   0.4134380E+00
   11  -0.4248257E+01  -0.3736090E+01   0.1072943E+01
   12  -0.1875540E+01   0.4533993E+01   0.2567608E+00
   13   0.3147722E+01   0.4449545E+01   0.2975752E+00
 Initial ssvpot =     0.230


 Number of unique UNfrozen centers=   13

 Non-linear optimization requested.
 qchnge =    0.1062372542    
 qchnge =    0.2970982404E-02
 qchnge =    0.3712128346E-03
 qchnge =    0.6022684873E-04
 qchnge =    0.1220745848E-04
 qchnge =    0.2840821069E-05
 qchnge =    0.6977159536E-06

 Convergence in    6 iterations


  Mol 41 Conf 0                                                                 

          Point Charges Before & After Optimization

    no.  At.no.    q(init)       q(opt)     ivary    d(rstr)/dq
    1   7       0.000000      -0.812454      0       0.000611
    2   6       0.000000       0.684202      0       0.000723
    3   8       0.000000      -0.567719      0       0.000867
    4   6       0.000000      -0.116920      0       0.003250
    5   6       0.000000      -0.110856      0       0.003349
    6   6       0.000000      -0.084378      0       0.003821
    7   6       0.000000      -0.061298      0       0.004263
    8  17       0.000000      -0.020316      0       0.004900
    9  16       0.000000       0.025155      0       0.004849
   10   1       0.000000       0.384072      0       0.000000
   11   1       0.000000       0.355704      0       0.000000
   12   1       0.000000       0.171194      0       0.000000
   13   1       0.000000       0.153614      0       0.000000

 Sum over the calculated charges:     -0.000

        Statistics of the fitting:
  The initial sum of squares (ssvpot)                      0.230
  The residual sum of squares (chipot)                     0.005
  The std err of estimate (sqrt(chipot/N))               0.00231
  ESP relative RMS (SQRT(chipot/ssvpot))                 0.14530

 Center of Mass (Angst.):

 X  =   0.00000      Y  =   0.00000      Z  =   0.00000

 Dipole (Debye):

 X  =   0.96502      Y  =  -1.45409      Z  =   1.46936

 Dipole Moment (Debye)=   2.28137

 Quadrupole (Debye*Angst.):

 Qxx = -17.53401     QYY =  20.41958     QZZ =  -2.88557
 Qxy =  32.07645     QXZ = -15.81975     QYZ =  -7.65581
