
 -----------------------------------------------
      Restrained ESP Fit 2.3  Amber 4.1
 -----------------------------------------------
 Stage 1 of multimolecule multiconformation resp fit.                            
 -----------------------------------------------


 inopt       =     0   ioutopt     =     1
 nmol        =     1   iqopt       =     1
 ihfree      =     1   irstrnt     =     1
 iunits      =     0   qwt         =   0.00050000
 wtmol(1) =     1.000000
 subtitle:

  Mol 43 Conf 0                                                                 
ich =   1  iuniq =  23
    1    7    0
    2    6    0
    3    7    0
    4    1    0
    5    1    0
    6    7    0
    7    6    0
    8    6    0
    9    6    0
   10    6    8
   11    6    7
   12    1    0
   13    1    0
   14    1    0
   15    1    0
   16    1    0
   17    1    0
   18    1    0
   19    1    0
   20    1    0
   21    1    0
   22    1    0
   23    1    0
 IQOPT=1, all q0 values will be set to 0


  ----------------------------------------------------------------------------
     ATOM                       COORDINATES                         CHARGE
                       X             Y                Z
  ----------------------------------------------------------------------------
  ----------------------------------------------------------------------------


 Charge on the molecule(ich) =    1
 Total number of atoms (iuniq)     =   23
 Weight factor on initial charge restraints(qwt)=     0.50000D-03


  there are  1 charge constraints:


     1       1
     2       1
     3       1
     4       1
     5       1
     6       1
     7       1
     8       1
     9       1
    10       1
    11       1
    12       1
    13       1
    14       1
    15       1
    16       1
    17       1
    18       1
    19       1
    20       1
    21       1
    22       1
    23       1

 Reading esp"s for molecule   1
 total number of atoms      =    23
 total number of esp points =   894


 center     X       Y       Z 
    1  -0.4622636E+01  -0.1958047E+01   0.2756354E-01
    2  -0.3091501E+01   0.7454780E-01  -0.5869300E-01
    3  -0.4116290E+01   0.2270742E+01  -0.8410150E+00
    4  -0.3043871E+01   0.3692774E+01  -0.1521059E+01
    5  -0.6006659E+01   0.2535177E+01  -0.8075801E+00
    6  -0.6658393E+00  -0.8472586E-01   0.5994381E+00
    7   0.7486414E+00  -0.2505055E+01   0.6651476E+00
    8   0.3127056E+01  -0.2322683E+01  -0.9899745E+00
    9   0.4770980E+01  -0.3844459E-01  -0.2916981E+00
   10   0.3210284E+01   0.2407639E+01  -0.3353130E+00
   11   0.8728852E+00   0.2139049E+01   0.1348344E+01
   12  -0.6270134E+01  -0.1983857E+01  -0.9368033E+00
   13  -0.4229292E+01  -0.3461120E+01   0.1133350E+01
   14  -0.4674917E+00  -0.4023408E+01  -0.1573197E-01
   15   0.1247743E+01  -0.2900196E+01   0.2638364E+01
   16   0.2545591E+01  -0.2199734E+01  -0.2976927E+01
   17   0.4189441E+01  -0.4086920E+01  -0.7787466E+00
   18   0.6368728E+01   0.1076274E+00  -0.1596783E+01
   19   0.5573790E+01  -0.3079913E+00   0.1603926E+01
   20   0.2626230E+01   0.2852271E+01  -0.2276481E+01
   21   0.4329995E+01   0.4009736E+01   0.3460466E+00
   22  -0.3106728E+00   0.3826319E+01   0.1345440E+01
   23   0.1449898E+01   0.1813217E+01   0.3314213E+01
 Initial ssvpot =    13.668


 Number of unique UNfrozen centers=   21

 Non-linear optimization requested.
 qchnge =    0.7199545290E-01
 qchnge =    0.5696646936E-02
 qchnge =    0.1813928329E-02
 qchnge =    0.6346620775E-03
 qchnge =    0.2269155246E-03
 qchnge =    0.8167645798E-04
 qchnge =    0.2946212493E-04
 qchnge =    0.1063502504E-04
 qchnge =    0.3839867592E-05
 qchnge =    0.1386530251E-05
 qchnge =    0.5006736789E-06

 Convergence in   10 iterations


  Mol 43 Conf 0                                                                 

          Point Charges Before & After Optimization

    no.  At.no.    q(init)       q(opt)     ivary    d(rstr)/dq
    1   7       0.000000      -0.776357      0       0.000639
    2   6       0.000000       0.554216      0       0.000888
    3   7       0.000000      -0.782035      0       0.000634
    4   1       0.000000       0.417635      0       0.000000
    5   1       0.000000       0.426790      0       0.000000
    6   7       0.000000      -0.114583      0       0.003288
    7   6       0.000000      -0.004627      0       0.004995
    8   6       0.000000      -0.002398      0       0.004999
    9   6       0.000000      -0.028207      0       0.004812
   10   6       0.000000      -0.002398      8       0.004999
   11   6       0.000000      -0.004627      7       0.004995
   12   1       0.000000       0.433446      0       0.000000
   13   1       0.000000       0.401101      0       0.000000
   14   1       0.000000       0.065703      0       0.000000
   15   1       0.000000       0.068117      0       0.000000
   16   1       0.000000       0.030012      0       0.000000
   17   1       0.000000       0.044372      0       0.000000
   18   1       0.000000       0.039793      0       0.000000
   19   1       0.000000       0.034346      0       0.000000
   20   1       0.000000       0.022851      0       0.000000
   21   1       0.000000       0.045697      0       0.000000
   22   1       0.000000       0.054237      0       0.000000
   23   1       0.000000       0.076915      0       0.000000

 Sum over the calculated charges:      1.000

        Statistics of the fitting:
  The initial sum of squares (ssvpot)                     13.668
  The residual sum of squares (chipot)                     0.002
  The std err of estimate (sqrt(chipot/N))               0.00156
  ESP relative RMS (SQRT(chipot/ssvpot))                 0.01263

 Center of Mass (Angst.):

 X  =   0.00000      Y  =   0.00000      Z  =   0.00000

 Dipole (Debye):

 X  =  -5.39212      Y  =   0.13688      Z  =  -0.14282

 Dipole Moment (Debye)=   5.39575

 Quadrupole (Debye*Angst.):

 Qxx =  40.86524     QYY =  -2.67009     QZZ = -38.19515
 Qxy = -51.56563     QXZ = -43.50153     QYZ = -60.63194
