
 -----------------------------------------------
      Restrained ESP Fit 2.3  Amber 4.1
 -----------------------------------------------
 Stage 2 of multimolecule multiconformation resp fit.                            
 -----------------------------------------------


 inopt       =     0   ioutopt     =     1
 nmol        =     1   iqopt       =     2
 ihfree      =     1   irstrnt     =     1
 iunits      =     0   qwt         =   0.00100000
 wtmol(1) =     1.000000
 subtitle:

  Mol 43 Conf 0                                                                 
ich =   1  iuniq =  23
    1    7   -1
    2    6   -1
    3    7   -1
    4    1    0
    5    1    4
    6    7   -1
    7    6   -1
    8    6   -1
    9    6   -1
   10    6   -1
   11    6   -1
   12    1    0
   13    1   12
   14    1    0
   15    1   14
   16    1    0
   17    1   16
   18    1    0
   19    1   18
   20    1   16
   21    1   16
   22    1   14
   23    1   14
 new q0 values to be read  23

  ----------------------------------------------------------------------------
     ATOM                       COORDINATES                         CHARGE
                       X             Y                Z
  ----------------------------------------------------------------------------
  ----------------------------------------------------------------------------


 Charge on the molecule(ich) =    1
 Total number of atoms (iuniq)     =   23
 Weight factor on initial charge restraints(qwt)=     0.10000D-02


  there are  1 charge constraints:


     1       1
     2       1
     3       1
     4       1
     5       1
     6       1
     7       1
     8       1
     9       1
    10       1
    11       1
    12       1
    13       1
    14       1
    15       1
    16       1
    17       1
    18       1
    19       1
    20       1
    21       1
    22       1
    23       1

 Reading esp"s for molecule   1
 total number of atoms      =    23
 total number of esp points =   894


 center     X       Y       Z 
    1  -0.4622636E+01  -0.1958047E+01   0.2756354E-01
    2  -0.3091501E+01   0.7454780E-01  -0.5869300E-01
    3  -0.4116290E+01   0.2270742E+01  -0.8410150E+00
    4  -0.3043871E+01   0.3692774E+01  -0.1521059E+01
    5  -0.6006659E+01   0.2535177E+01  -0.8075801E+00
    6  -0.6658393E+00  -0.8472586E-01   0.5994381E+00
    7   0.7486414E+00  -0.2505055E+01   0.6651476E+00
    8   0.3127056E+01  -0.2322683E+01  -0.9899745E+00
    9   0.4770980E+01  -0.3844459E-01  -0.2916981E+00
   10   0.3210284E+01   0.2407639E+01  -0.3353130E+00
   11   0.8728852E+00   0.2139049E+01   0.1348344E+01
   12  -0.6270134E+01  -0.1983857E+01  -0.9368033E+00
   13  -0.4229292E+01  -0.3461120E+01   0.1133350E+01
   14  -0.4674917E+00  -0.4023408E+01  -0.1573197E-01
   15   0.1247743E+01  -0.2900196E+01   0.2638364E+01
   16   0.2545591E+01  -0.2199734E+01  -0.2976927E+01
   17   0.4189441E+01  -0.4086920E+01  -0.7787466E+00
   18   0.6368728E+01   0.1076274E+00  -0.1596783E+01
   19   0.5573790E+01  -0.3079913E+00   0.1603926E+01
   20   0.2626230E+01   0.2852271E+01  -0.2276481E+01
   21   0.4329995E+01   0.4009736E+01   0.3460466E+00
   22  -0.3106728E+00   0.3826319E+01   0.1345440E+01
   23   0.1449898E+01   0.1813217E+01   0.3314213E+01
 Initial ssvpot =    13.668


 Number of unique UNfrozen centers=    5

 Non-linear optimization requested.
 qchnge =    0.6547520150E-01
 qchnge =     0.000000000    
 qchnge =     0.000000000    

 Convergence in    2 iterations


  Mol 43 Conf 0                                                                 

          Point Charges Before & After Optimization

    no.  At.no.    q(init)       q(opt)     ivary    d(rstr)/dq
    1   7      -0.776357      -0.776357     -1       0.001278
    2   6       0.554216       0.554216     -1       0.001776
    3   7      -0.782035      -0.782035     -1       0.001268
    4   1       0.417635       0.421171      0       0.000000
    5   1       0.426790       0.421171      4       0.000000
    6   7      -0.114583      -0.114583     -1       0.006575
    7   6      -0.004627      -0.004627     -1       0.009989
    8   6      -0.002398      -0.002398     -1       0.009997
    9   6      -0.028207      -0.028207     -1       0.009624
   10   6      -0.002398      -0.002398     -1       0.009997
   11   6      -0.004627      -0.004627     -1       0.009989
   12   1       0.433446       0.419645      0       0.000000
   13   1       0.401101       0.419645     12       0.000000
   14   1       0.065703       0.066075      0       0.000000
   15   1       0.068117       0.066075     14       0.000000
   16   1       0.030012       0.031441      0       0.000000
   17   1       0.044372       0.031441     16       0.000000
   18   1       0.039793       0.044660      0       0.000000
   19   1       0.034346       0.044660     18       0.000000
   20   1       0.022851       0.031441     16       0.000000
   21   1       0.045697       0.031441     16       0.000000
   22   1       0.054237       0.066075     14       0.000000
   23   1       0.076915       0.066075     14       0.000000

 Sum over the calculated charges:      1.000

        Statistics of the fitting:
  The initial sum of squares (ssvpot)                     13.668
  The residual sum of squares (chipot)                     0.003
  The std err of estimate (sqrt(chipot/N))               0.00181
  ESP relative RMS (SQRT(chipot/ssvpot))                 0.01466

 Center of Mass (Angst.):

 X  =   0.00000      Y  =   0.00000      Z  =   0.00000

 Dipole (Debye):

 X  =  -5.37238      Y  =   0.15330      Z  =  -0.14838

 Dipole Moment (Debye)=   5.37662

 Quadrupole (Debye*Angst.):

 Qxx =  40.11595     QYY =  -2.40007     QZZ = -37.71587
 Qxy = -50.53748     QXZ = -43.96728     QYZ = -60.95781
