
 -----------------------------------------------
      Restrained ESP Fit 2.3  Amber 4.1
 -----------------------------------------------
 Stage 2 resp fit. Surrogate cap connector id 1.                                 
 -----------------------------------------------


 inopt       =     0   ioutopt     =     1
 nmol        =     2   iqopt       =     2
 ihfree      =     1   irstrnt     =     1
 iunits      =     0   qwt         =   0.00100000

 %RESP-I-MULT_MOL,  multiple-molecule run of   2 molecules

 Reading input for molecule   1 weight:     1.000
  Conf 0                                                                        

 Total charge (ich):  0
 Number of centers: 28
    1    6   -1
    2    6   -1
    3    6   -1
    4    6   -1
    5    6   -1
    6    6   -1
    7    6   -1
    8    6   -1
    9    7   -1
   10    7   -1
   11    8   -1
   12    8   -1
   13    1    0
   14    1   13
   15    1   13
   16    1    0
   17    1   16
   18    1   16
   19    1    0
   20    1   19
   21    1   19
   22    1   19
   23    1   19
   24    1   19
   25    1    0
   26    1   25
   27    1   25
   28    1    0

 Reading input for molecule   2 weight:     1.000
  Conf 1                                                                        

 Total charge (ich):  0
 Number of centers: 28
   29    6    0
   30    6    0
   31    6    0
   32    6    0
   33    6    0
   34    6    0
   35    6    0
   36    6    0
   37    7    0
   38    7    0
   39    8    0
   40    8    0
   41    1    0
   42    1    0
   43    1    0
   44    1    0
   45    1    0
   46    1    0
   47    1    0
   48    1    0
   49    1    0
   50    1    0
   51    1    0
   52    1    0
   53    1    0
   54    1    0
   55    1    0
   56    1    0
    1    1    1   11    1    3    1   13    1   14    1   15
    1    9    1    5    1   19    1   20    1   21    1    6    1   22    1   23
    1   24
  since IQOPT=1,  56 new q0 values
  will be read in from file ESP.Q0 (unit 3)
 --------------------------------
 reading mult_mol constraint info
 --------------------------------
    1    1    2    1
    1    2    2    2
    1    3    2    3
    1    4    2    4
    1    5    2    5
    1    6    2    6
    1    7    2    7
    1    8    2    8
    1    9    2    9
    1   10    2   10
    1   11    2   11
    1   12    2   12
    1   13    2   13
    1   14    2   14
    1   15    2   15
    1   16    2   16
    1   17    2   17
    1   18    2   18
    1   19    2   19
    1   20    2   20
    1   21    2   21
    1   22    2   22
    1   23    2   23
    1   24    2   24
    1   25    2   25
    1   26    2   26
    1   27    2   27
    1   28    2   28

  --------------------
     Atom   Ivary
  --------------------
    6   -1
    6   -1
    6   -1
    6   -1
    6   -1
    6   -1
    6   -1
    6   -1
    7   -1
    7   -1
    8   -1
    8   -1
    1    0
    1   13
    1   13
    1    0
    1   16
    1   16
    1    0
    1   19
    1   19
    1   19
    1   19
    1   19
    1    0
    1   25
    1   25
    1    0

    6    1
    6    2
    6    3
    6    4
    6    5
    6    6
    6    7
    6    8
    7    9
    7   10
    8   11
    8   12
    1   13
    1   13
    1   13
    1   16
    1   16
    1   16
    1   19
    1   19
    1   19
    1   19
    1   19
    1   19
    1   25
    1   25
    1   25
    1   28

  ----------------------------------------------------------------------------


 Total number of atoms      =   56
 Weight factor on initial charge restraints=  0.001000


 There are  4 charge constraints

 Reading esp"s for molecule   1
 total number of atoms      =    28
 total number of esp points =  1102


 center     X       Y       Z 
    1   0.4111792E+01  -0.1460492E+01   0.3209322E-01
    2  -0.1801659E+01   0.4328776E+00   0.8569189E+00
    3   0.2923971E+01  -0.3901986E+01  -0.9431887E+00
    4  -0.3500358E+00   0.3255425E+01  -0.2731249E+01
    5  -0.6052480E+01  -0.7508902E+00   0.2178212E+01
    6  -0.4979368E+01  -0.1255269E+01  -0.2296633E+01
    7   0.3765355E+01   0.3042026E+01   0.9345451E+00
    8   0.1909209E+00   0.7967198E+00  -0.1269454E+01
    9  -0.4127968E+01  -0.5406431E+00   0.2159106E+00
   10   0.2752146E+01   0.7514212E+00  -0.2409287E+00
   11   0.6218440E+01  -0.1500690E+01   0.9945231E+00
   12  -0.1293404E+01   0.1041398E+01   0.3034654E+01
   13   0.2705604E+01  -0.3886082E+01  -0.3004536E+01
   14   0.4202856E+01  -0.5435502E+01  -0.4350074E+00
   15   0.1066331E+01  -0.4267504E+01  -0.1049724E+00
   16  -0.3866001E+00   0.4891355E+01  -0.1470133E+01
   17   0.1101606E+01   0.3563912E+01  -0.4172097E+01
   18  -0.2187303E+01   0.3147390E+01  -0.3674544E+01
   19  -0.7670247E+01   0.4759540E+00   0.1746849E+01
   20  -0.5219803E+01  -0.1869676E+00   0.3972635E+01
   21  -0.6732151E+01  -0.2705959E+01   0.2306231E+01
   22  -0.5774003E+01  -0.3170934E+01  -0.2252775E+01
   23  -0.3445210E+01  -0.1236992E+01  -0.3666325E+01
   24  -0.6465157E+01   0.3128063E-01  -0.2970627E+01
   25   0.4202165E+01   0.4484790E+01  -0.4864778E+00
   26   0.5505048E+01   0.2511911E+01   0.1896597E+01
   27   0.2413677E+01   0.3790161E+01   0.2303198E+01
   28   0.6265009E-01  -0.7583905E+00  -0.2613769E+01

 Reading esp"s for molecule   2
 total number of atoms      =    28
 total number of esp points =  1096


 center     X       Y       Z 
    1  -0.2692551E+01  -0.9168951E+00  -0.1509986E+01
    2   0.2345433E+01   0.1216320E+01  -0.6620088E-01
    3  -0.4976977E+01  -0.2644881E+01  -0.1828134E+01
    4  -0.1008186E+01   0.4607435E+01   0.6702858E-01
    5   0.5640732E+01  -0.1934040E+01  -0.6407097E+00
    6   0.2241183E+01  -0.2873640E+01   0.2374726E+01
    7  -0.4059668E+01   0.2418093E-01   0.2916456E+01
    8  -0.2222922E+00   0.2020676E+01   0.1102466E+01
    9   0.3358268E+01  -0.1073466E+01   0.6345001E+00
   10  -0.2265390E+01   0.1360981E+00   0.8335657E+00
   11  -0.1257229E+01  -0.5155872E+00  -0.3283539E+01
   12   0.3491522E+01   0.2697406E+01  -0.1423865E+01
   13  -0.6759278E+01  -0.1622972E+01  -0.1565632E+01
   14  -0.4912258E+01  -0.3381500E+01  -0.3751545E+01
   15  -0.4954028E+01  -0.4232818E+01  -0.4989651E+00
   16  -0.1249511E+01   0.4499566E+01  -0.1978838E+01
   17  -0.2783593E+01   0.5216838E+01   0.9423818E+00
   18   0.4476459E+00   0.6015525E+01   0.4631416E+00
   19   0.7137376E+01  -0.2332595E+01   0.7401074E+00
   20   0.6265542E+01  -0.4514952E+00  -0.1922700E+01
   21   0.5261492E+01  -0.3667021E+01  -0.1718641E+01
   22   0.1200647E+01  -0.4380712E+01   0.1392023E+01
   23   0.9608822E+00  -0.1951344E+01   0.3698659E+01
   24   0.3755469E+01  -0.3758962E+01   0.3479724E+01
   25  -0.3067915E+01  -0.3847690E+00   0.4691574E+01
   26  -0.5445971E+01  -0.1466475E+01   0.2613680E+01
   27  -0.5077325E+01   0.1818944E+01   0.3155568E+01
   28   0.9030245E-01   0.2191882E+01   0.3148355E+01
 Initial ssvpot =     1.225


 Number of unique UNfrozen centers=    5

 Non-linear optimization requested.
 qchnge =    0.2413628472E-01
 qchnge =     0.000000000    
 qchnge =     0.000000000    

 Convergence in    2 iterations



  Conf 1                                                                        

          Point Charges Before & After Optimization

    no.  At.no.    q(init)       q(opt)     ivary    d(rstr)/dq
    1   6       0.385641       0.385641     -1       0.002510
    2   6       0.426454       0.426454     -1       0.002283
    3   6       0.001206       0.001206     -1       0.009999
    4   6      -0.010967      -0.010967     -1       0.009940
    5   6      -0.028716      -0.028716     -1       0.009612
    6   6      -0.028716      -0.028716     -1       0.009612
    7   6      -0.024743      -0.024743     -1       0.009707
    8   6       0.006396       0.006396     -1       0.009980
    9   7      -0.237111      -0.237111     -1       0.003886
   10   7      -0.203281      -0.203281     -1       0.004414
   11   8      -0.473836      -0.473836     -1       0.002065
   12   8      -0.477986      -0.477986     -1       0.002048
   13   1       0.036063       0.028996      0       0.000000
   14   1       0.004563       0.028996     13       0.000000
   15   1       0.046364       0.028996     13       0.000000
   16   1       0.042174       0.025767      0       0.000000
   17   1       0.000575       0.025767     16       0.000000
   18   1       0.020847       0.025767     16       0.000000
   19   1       0.045206       0.049090      0       0.000000
   20   1       0.060002       0.049090     19       0.000000
   21   1       0.055114       0.049090     19       0.000000
   22   1       0.047823       0.049090     19       0.000000
   23   1       0.017727       0.049090     19       0.000000
   24   1       0.068669       0.049090     19       0.000000
   25   1       0.051326       0.047191      0       0.000000
   26   1       0.030089       0.047191     25       0.000000
   27   1       0.062141       0.047191     25       0.000000
   28   1       0.076978       0.065253      0       0.000000

   29   6       0.385641       0.385641      1       0.002510
   30   6       0.426454       0.426454      2       0.002283
   31   6       0.001206       0.001206      3       0.009999
   32   6      -0.010967      -0.010967      4       0.009940
   33   6      -0.028716      -0.028716      5       0.009612
   34   6      -0.028716      -0.028716      6       0.009612
   35   6      -0.024743      -0.024743      7       0.009707
   36   6       0.006396       0.006396      8       0.009980
   37   7      -0.237111      -0.237111      9       0.003886
   38   7      -0.203281      -0.203281     10       0.004414
   39   8      -0.473836      -0.473836     11       0.002065
   40   8      -0.477986      -0.477986     12       0.002048
   41   1       0.036063       0.028996     13       0.000000
   42   1       0.004563       0.028996     13       0.000000
   43   1       0.046364       0.028996     13       0.000000
   44   1       0.042174       0.025767     16       0.000000
   45   1       0.000575       0.025767     16       0.000000
   46   1       0.020847       0.025767     16       0.000000
   47   1       0.045206       0.049090     19       0.000000
   48   1       0.060002       0.049090     19       0.000000
   49   1       0.055114       0.049090     19       0.000000
   50   1       0.047823       0.049090     19       0.000000
   51   1       0.017727       0.049090     19       0.000000
   52   1       0.068669       0.049090     19       0.000000
   53   1       0.051326       0.047191     25       0.000000
   54   1       0.030089       0.047191     25       0.000000
   55   1       0.062141       0.047191     25       0.000000
   56   1       0.076978       0.065253     28       0.000000

 Sum over the calculated charges:     -0.000

        Statistics of the fitting:
  The initial sum of squares (ssvpot)                      1.225
  The residual sum of squares (chipot)                     0.020
  The std err of estimate (sqrt(chipot/N))               0.00428
  ESP relative RMS (SQRT(chipot/ssvpot))                 0.12797
