
 -----------------------------------------------
      Restrained ESP Fit 2.3  Amber 4.1
 -----------------------------------------------
 Stage 2 of multimolecule multiconformation resp fit.                            
 -----------------------------------------------


 inopt       =     0   ioutopt     =     1
 nmol        =     1   iqopt       =     2
 ihfree      =     1   irstrnt     =     1
 iunits      =     0   qwt         =   0.00100000
 wtmol(1) =     1.000000
 subtitle:

  Mol 46 Conf 0                                                                 
ich =   0  iuniq =  16
    1    7   -1
    2    6   -1
    3    8   -1
    4    6   -1
    5    6   -1
    6    6   -1
    7    6   -1
    8    6   -1
    9   17   -1
   10    6   -1
   11    1    0
   12    1   11
   13    1    0
   14    1    0
   15    1    0
   16    1    0
 new q0 values to be read  16

  ----------------------------------------------------------------------------
     ATOM                       COORDINATES                         CHARGE
                       X             Y                Z
  ----------------------------------------------------------------------------
  ----------------------------------------------------------------------------


 Charge on the molecule(ich) =    0
 Total number of atoms (iuniq)     =   16
 Weight factor on initial charge restraints(qwt)=     0.10000D-02


  there are  1 charge constraints:


     1       1
     2       1
     3       1
     4       1
     5       1
     6       1
     7       1
     8       1
     9       1
    10       1
    11       1
    12       1
    13       1
    14       1
    15       1
    16       1

 Reading esp"s for molecule   1
 total number of atoms      =    16
 total number of esp points =   905


 center     X       Y       Z 
    1  -0.6344345E+01   0.2391618E+00   0.5472703E+00
    2  -0.4233077E+01  -0.1150269E+01  -0.6128570E-01
    3  -0.4360339E+01  -0.3392612E+01  -0.6108029E+00
    4  -0.1763689E+01   0.2612716E+00  -0.7125212E-01
    5  -0.1589598E+01   0.2899541E+01  -0.2080588E+00
    6   0.7730888E+00   0.4067987E+01  -0.2180725E+00
    7   0.2977736E+01   0.2629042E+01  -0.8788738E-01
    8   0.2780883E+01   0.8636048E-03   0.2698340E-01
    9   0.5550700E+01  -0.1828197E+01   0.1744123E+00
   10   0.4425171E+00  -0.1196608E+01   0.2253498E-01
   11  -0.7943465E+01  -0.7818817E+00   0.7847730E+00
   12  -0.6183210E+01   0.1814154E+01   0.1612811E+01
   13  -0.3283134E+01   0.4045775E+01  -0.3776995E+00
   14   0.9063258E+00   0.6112636E+01  -0.3420631E+00
   15   0.4822862E+01   0.3522171E+01  -0.8934625E-01
   16   0.2846910E+00  -0.3237705E+01   0.8425532E-01
 Initial ssvpot =     0.347


 Number of unique UNfrozen centers=    5

 Non-linear optimization requested.
 qchnge =    0.9235428826E-01
 qchnge =     0.000000000    
 qchnge =     0.000000000    

 Convergence in    2 iterations


  Mol 46 Conf 0                                                                 

          Point Charges Before & After Optimization

    no.  At.no.    q(init)       q(opt)     ivary    d(rstr)/dq
    1   7      -0.916361      -0.916361     -1       0.001085
    2   6       0.733968       0.733968     -1       0.001350
    3   8      -0.573851      -0.573851     -1       0.001717
    4   6      -0.082322      -0.082322     -1       0.007720
    5   6      -0.131142      -0.131142     -1       0.006064
    6   6      -0.187970      -0.187970     -1       0.004697
    7   6      -0.053036      -0.053036     -1       0.008834
    8   6      -0.030315      -0.030315     -1       0.009570
    9  17      -0.102904      -0.102904     -1       0.006969
   10   6      -0.039970      -0.039970     -1       0.009286
   11   1       0.407833       0.394969      0       0.000000
   12   1       0.375364       0.394969     11       0.000000
   13   1       0.151531       0.141420      0       0.000000
   14   1       0.161699       0.164490      0       0.000000
   15   1       0.145721       0.144823      0       0.000000
   16   1       0.141754       0.143232      0       0.000000

 Sum over the calculated charges:     -0.000

        Statistics of the fitting:
  The initial sum of squares (ssvpot)                      0.347
  The residual sum of squares (chipot)                     0.003
  The std err of estimate (sqrt(chipot/N))               0.00192
  ESP relative RMS (SQRT(chipot/ssvpot))                 0.09792

 Center of Mass (Angst.):

 X  =   0.00000      Y  =   0.00000      Z  =   0.00000

 Dipole (Debye):

 X  =  -1.44726      Y  =   4.69006      Z  =   1.77819

 Dipole Moment (Debye)=   5.22046

 Quadrupole (Debye*Angst.):

 Qxx =  11.08053     QYY =  -1.86879     QZZ =  -9.21175
 Qxy = -26.35147     QXZ = -31.04200     QYZ = -15.27661
