
 -----------------------------------------------
      Restrained ESP Fit 2.3  Amber 4.1
 -----------------------------------------------
 Stage 1 of multimolecule multiconformation resp fit.                            
 -----------------------------------------------


 inopt       =     0   ioutopt     =     1
 nmol        =     2   iqopt       =     1
 ihfree      =     1   irstrnt     =     1
 iunits      =     0   qwt         =   0.00050000

 %RESP-I-MULT_MOL,  multiple-molecule run of   2 molecules

 Reading input for molecule   1 weight:     1.000
  Mol 48 Conf 0                                                                 

 Total charge (ich):  0
 Number of centers: 25
    1    6    0
    2    7    0
    3    6    1
    4   16    0
    5    8    0
    6    8    5
    7    7    0
    8    6    0
    9    6    0
   10    6    0
   11    6    0
   12   17    0
   13    6   10
   14    6    9
   15    1    0
   16    1    0
   17    1    0
   18    1    0
   19    1    0
   20    1    0
   21    1    0
   22    1    0
   23    1    0
   24    1    0
   25    1    0

 Reading input for molecule   2 weight:     1.000
  Mol 48 Conf 1                                                                 

 Total charge (ich):  0
 Number of centers: 25
   26    6    0
   27    7    0
   28    6    0
   29   16    0
   30    8    0
   31    8    0
   32    7    0
   33    6    0
   34    6    0
   35    6    0
   36    6    0
   37   17    0
   38    6    0
   39    6    0
   40    1    0
   41    1    0
   42    1    0
   43    1    0
   44    1    0
   45    1    0
   46    1    0
   47    1    0
   48    1    0
   49    1    0
   50    1    0

 Iqopt =1: all q0 values will be set to 0
 --------------------------------
 reading mult_mol constraint info
 --------------------------------
    1    1    2    1
    1    2    2    2
    1    3    2    3
    1    4    2    4
    1    5    2    5
    1    6    2    6
    1    7    2    7
    1    8    2    8
    1    9    2    9
    1   10    2   10
    1   11    2   11
    1   12    2   12
    1   13    2   13
    1   14    2   14
    1   15    2   15
    1   16    2   16
    1   17    2   17
    1   18    2   18
    1   19    2   19
    1   20    2   20
    1   21    2   21
    1   22    2   22
    1   23    2   23
    1   24    2   24
    1   25    2   25

  --------------------
     Atom   Ivary
  --------------------
    6    0
    7    0
    6    1
   16    0
    8    0
    8    5
    7    0
    6    0
    6    0
    6    0
    6    0
   17    0
    6   10
    6    9
    1    0
    1    0
    1    0
    1    0
    1    0
    1    0
    1    0
    1    0
    1    0
    1    0
    1    0

    6    1
    7    2
    6    1
   16    4
    8    5
    8    5
    7    7
    6    8
    6    9
    6   10
    6   11
   17   12
    6   10
    6    9
    1   15
    1   16
    1   17
    1   18
    1   19
    1   20
    1   21
    1   22
    1   23
    1   24
    1   25

  ----------------------------------------------------------------------------


 Total number of atoms      =   50
 Weight factor on initial charge restraints=  0.000500


 There are  2 charge constraints

 Reading esp"s for molecule   1
 total number of atoms      =    25
 total number of esp points =  1268


 center     X       Y       Z 
    1   0.8594993E+01  -0.1059231E+01  -0.2869398E+00
    2   0.6272809E+01  -0.1508379E+00   0.9452409E+00
    3   0.6616790E+01   0.2179791E+01   0.2419203E+01
    4   0.3695059E+01  -0.1326739E+00  -0.9384360E+00
    5   0.3166247E+01   0.2354521E+01  -0.2025750E+01
    6   0.3893136E+01  -0.2344727E+01  -0.2585429E+01
    7   0.1534008E+01  -0.5852368E+00   0.1423952E+01
    8  -0.1104832E+01  -0.3769984E+00   0.8828063E+00
    9  -0.2686079E+01  -0.2458921E+01   0.1284876E+01
   10  -0.5286990E+01  -0.2255496E+01   0.9258920E+00
   11  -0.6296185E+01   0.3521693E-01   0.1107266E+00
   12  -0.9573133E+01   0.3040720E+00  -0.3705261E+00
   13  -0.4740659E+01   0.2118258E+01  -0.3230808E+00
   14  -0.2148446E+01   0.1921774E+01   0.8628111E-01
   15   0.9971513E+01  -0.1450877E+01   0.1205139E+01
   16   0.9405348E+01   0.3396764E+00  -0.1592141E+01
   17   0.8197055E+01  -0.2799829E+01  -0.1311107E+01
   18   0.8030973E+01   0.1795500E+01   0.3877761E+01
   19   0.4841591E+01   0.2682141E+01   0.3339492E+01
   20   0.7256408E+01   0.3768667E+01   0.1247253E+01
   21   0.1983490E+01  -0.2239953E+01   0.2296588E+01
   22  -0.1885620E+01  -0.4254803E+01   0.1881205E+01
   23  -0.6510178E+01  -0.3867600E+01   0.1250885E+01
   24  -0.5552941E+01   0.3892272E+01  -0.9510896E+00
   25  -0.9296772E+00   0.3536174E+01  -0.2235829E+00

 Reading esp"s for molecule   2
 total number of atoms      =    25
 total number of esp points =  1259


 center     X       Y       Z 
    1  -0.5879559E+01   0.1409751E+01  -0.3176257E+01
    2  -0.4787717E+01   0.1758413E+01  -0.6456173E+00
    3  -0.6230332E+01   0.3516638E+01   0.9602756E+00
    4  -0.4024222E+01  -0.9811608E+00   0.8238468E+00
    5  -0.3173107E+01  -0.2852296E+00   0.3352451E+01
    6  -0.5939851E+01  -0.2946397E+01   0.4497699E+00
    7  -0.1598567E+01  -0.1952813E+01  -0.1042048E+01
    8   0.9438652E+00  -0.1182449E+01  -0.6397157E+00
    9   0.2860202E+01  -0.3005743E+01  -0.6399689E+00
   10   0.5382624E+01  -0.2295851E+01  -0.3825901E+00
   11   0.5981296E+01   0.2497197E+00  -0.7875622E-01
   12   0.9158275E+01   0.1159570E+01   0.2734812E+00
   13   0.4089036E+01   0.2083381E+01  -0.5397435E-01
   14   0.1574136E+01   0.1371522E+01  -0.3573717E+00
   15  -0.5944600E+01   0.3263066E+01  -0.4089579E+01
   16  -0.7793417E+01   0.6095179E+00  -0.3109867E+01
   17  -0.4657165E+01   0.1733068E+00  -0.4285284E+01
   18  -0.6249329E+01   0.5349538E+01   0.4767779E-02
   19  -0.5286756E+01   0.3715702E+01   0.2779407E+01
   20  -0.8191501E+01   0.2898505E+01   0.1259725E+01
   21  -0.1827142E+01  -0.3836079E+01  -0.1341367E+01
   22   0.2385324E+01  -0.4994742E+01  -0.8419353E+00
   23   0.6864142E+01  -0.3712151E+01  -0.3939285E+00
   24   0.4579515E+01   0.4060093E+01   0.1779914E+00
   25   0.9786513E-01   0.2791101E+01  -0.3846027E+00
 Initial ssvpot =     0.763


 Number of unique UNfrozen centers=   21

 Non-linear optimization requested.
 qchnge =    0.5222947193E-01
 qchnge =    0.4125838256E-02
 qchnge =    0.1269811673E-02
 qchnge =    0.4751989642E-03
 qchnge =    0.1883286628E-03
 qchnge =    0.7660607307E-04
 qchnge =    0.3161770039E-04
 qchnge =    0.1316642982E-04
 qchnge =    0.5514164526E-05
 qchnge =    0.2317970059E-05
 qchnge =    0.9767987495E-06

 Convergence in   10 iterations



  Mol 48 Conf 1                                                                 

          Point Charges Before & After Optimization

    no.  At.no.    q(init)       q(opt)     ivary    d(rstr)/dq
    1   6       0.000000      -0.237140      0       0.001943
    2   7       0.000000      -0.308659      0       0.001541
    3   6       0.000000      -0.237140      1       0.001943
    4  16       0.000000       1.084913      0       0.000459
    5   8       0.000000      -0.509246      0       0.000963
    6   8       0.000000      -0.509246      5       0.000963
    7   7       0.000000      -0.677968      0       0.000730
    8   6       0.000000       0.334343      0       0.001433
    9   6       0.000000      -0.238134      0       0.001936
   10   6       0.000000      -0.088339      0       0.003747
   11   6       0.000000      -0.003092      0       0.004998
   12  17       0.000000      -0.118520      0       0.003224
   13   6       0.000000      -0.088339     10       0.003747
   14   6       0.000000      -0.238134      9       0.001936
   15   1       0.000000       0.135181      0       0.000000
   16   1       0.000000       0.129198      0       0.000000
   17   1       0.000000       0.127624      0       0.000000
   18   1       0.000000       0.128852      0       0.000000
   19   1       0.000000       0.132562      0       0.000000
   20   1       0.000000       0.133603      0       0.000000
   21   1       0.000000       0.373338      0       0.000000
   22   1       0.000000       0.167972      0       0.000000
   23   1       0.000000       0.150504      0       0.000000
   24   1       0.000000       0.152464      0       0.000000
   25   1       0.000000       0.203401      0       0.000000

   26   6       0.000000      -0.237140      1       0.001943
   27   7       0.000000      -0.308659      2       0.001541
   28   6       0.000000      -0.237140      1       0.001943
   29  16       0.000000       1.084913      4       0.000459
   30   8       0.000000      -0.509246      5       0.000963
   31   8       0.000000      -0.509246      5       0.000963
   32   7       0.000000      -0.677968      7       0.000730
   33   6       0.000000       0.334343      8       0.001433
   34   6       0.000000      -0.238134      9       0.001936
   35   6       0.000000      -0.088339     10       0.003747
   36   6       0.000000      -0.003092     11       0.004998
   37  17       0.000000      -0.118520     12       0.003224
   38   6       0.000000      -0.088339     10       0.003747
   39   6       0.000000      -0.238134      9       0.001936
   40   1       0.000000       0.135181     15       0.000000
   41   1       0.000000       0.129198     16       0.000000
   42   1       0.000000       0.127624     17       0.000000
   43   1       0.000000       0.128852     18       0.000000
   44   1       0.000000       0.132562     19       0.000000
   45   1       0.000000       0.133603     20       0.000000
   46   1       0.000000       0.373338     21       0.000000
   47   1       0.000000       0.167972     22       0.000000
   48   1       0.000000       0.150504     23       0.000000
   49   1       0.000000       0.152464     24       0.000000
   50   1       0.000000       0.203401     25       0.000000

 Sum over the calculated charges:     -0.000

        Statistics of the fitting:
  The initial sum of squares (ssvpot)                      0.763
  The residual sum of squares (chipot)                     0.010
  The std err of estimate (sqrt(chipot/N))               0.00286
  ESP relative RMS (SQRT(chipot/ssvpot))                 0.11597
