
 -----------------------------------------------
      Restrained ESP Fit 2.3  Amber 4.1
 -----------------------------------------------
 Stage 2 resp fit. Surrogate cap connector id 0.                                 
 -----------------------------------------------


 inopt       =     0   ioutopt     =     1
 nmol        =     3   iqopt       =     2
 ihfree      =     1   irstrnt     =     1
 iunits      =     0   qwt         =   0.00100000

 %RESP-I-MULT_MOL,  multiple-molecule run of   3 molecules

 Reading input for molecule   1 weight:     1.000
  Conf 0                                                                        

 Total charge (ich):  0
 Number of centers: 22
    1    6   -1
    2    6   -1
    3    6   -1
    4    6   -1
    5    6   -1
    6    6   -1
    7    7   -1
    8    7   -1
    9    8   -1
   10    8   -1
   11    1    0
   12    1   11
   13    1   11
   14    1    0
   15    1   14
   16    1   14
   17    1    0
   18    1   17
   19    1   17
   20    1    0
   21    1    0
   22    1    0

 Reading input for molecule   2 weight:     1.000
  Conf 1                                                                        

 Total charge (ich):  0
 Number of centers: 22
   23    6    0
   24    6    0
   25    6    0
   26    6    0
   27    6    0
   28    6    0
   29    7    0
   30    7    0
   31    8    0
   32    8    0
   33    1    0
   34    1    0
   35    1    0
   36    1    0
   37    1    0
   38    1    0
   39    1    0
   40    1    0
   41    1    0
   42    1    0
   43    1    0
   44    1    0

 Reading input for molecule   3 weight:     1.000
  Conf 2                                                                        

 Total charge (ich):  0
 Number of centers: 22
   45    6    0
   46    6    0
   47    6    0
   48    6    0
   49    6    0
   50    6    0
   51    7    0
   52    7    0
   53    8    0
   54    8    0
   55    1    0
   56    1    0
   57    1    0
   58    1    0
   59    1    0
   60    1    0
   61    1    0
   62    1    0
   63    1    0
   64    1    0
   65    1    0
   66    1    0
    1    1    1    9    1    3    1   11    1   12    1   13
    1    7    1   21    1    5    1   17    1   18    1   19
  since IQOPT=1,  66 new q0 values
  will be read in from file ESP.Q0 (unit 3)
 --------------------------------
 reading mult_mol constraint info
 --------------------------------
    1    1    2    1    3    1
    1    2    2    2    3    2
    1    3    2    3    3    3
    1    4    2    4    3    4
    1    5    2    5    3    5
    1    6    2    6    3    6
    1    7    2    7    3    7
    1    8    2    8    3    8
    1    9    2    9    3    9
    1   10    2   10    3   10
    1   11    2   11    3   11
    1   12    2   12    3   12
    1   13    2   13    3   13
    1   14    2   14    3   14
    1   15    2   15    3   15
    1   16    2   16    3   16
    1   17    2   17    3   17
    1   18    2   18    3   18
    1   19    2   19    3   19
    1   20    2   20    3   20
    1   21    2   21    3   21
    1   22    2   22    3   22

  --------------------
     Atom   Ivary
  --------------------
    6   -1
    6   -1
    6   -1
    6   -1
    6   -1
    6   -1
    7   -1
    7   -1
    8   -1
    8   -1
    1    0
    1   11
    1   11
    1    0
    1   14
    1   14
    1    0
    1   17
    1   17
    1    0
    1    0
    1    0

    6    1
    6    2
    6    3
    6    4
    6    5
    6    6
    7    7
    7    8
    8    9
    8   10
    1   11
    1   11
    1   11
    1   14
    1   14
    1   14
    1   17
    1   17
    1   17
    1   20
    1   21
    1   22

    6    1
    6    2
    6    3
    6    4
    6    5
    6    6
    7    7
    7    8
    8    9
    8   10
    1   11
    1   11
    1   11
    1   14
    1   14
    1   14
    1   17
    1   17
    1   17
    1   20
    1   21
    1   22

  ----------------------------------------------------------------------------


 Total number of atoms      =   66
 Weight factor on initial charge restraints=  0.001000


 There are  5 charge constraints

 Reading esp"s for molecule   1
 total number of atoms      =    22
 total number of esp points =   983


 center     X       Y       Z 
    1   0.4382462E+01  -0.1252095E+00  -0.4459111E+00
    2  -0.2525082E+01  -0.5618382E+00   0.1154188E+00
    3   0.6352422E+01  -0.2159365E+01   0.5378727E-01
    4  -0.1434926E+00   0.3252077E+01   0.1809639E+01
    5  -0.7110634E+01  -0.6358248E+00  -0.7828266E+00
    6  -0.1030581E+00   0.1032093E+01  -0.7673610E-01
    7  -0.4629031E+01   0.5373908E+00  -0.8687543E+00
    8   0.2002004E+01  -0.6601229E+00   0.3743339E+00
    9   0.4911283E+01   0.1868300E+01  -0.1511091E+01
   10  -0.2526671E+01  -0.2649152E+01   0.1133957E+01
   11   0.7180350E+01  -0.2742427E+01  -0.1749686E+01
   12   0.7874694E+01  -0.1348495E+01   0.1195106E+01
   13   0.5599536E+01  -0.3824769E+01   0.1021111E+01
   14  -0.3521826E+00   0.2551461E+01   0.3745331E+01
   15   0.1635681E+01   0.4288319E+01   0.1652749E+01
   16  -0.1702464E+01   0.4556543E+01   0.1411495E+01
   17  -0.7837931E+01  -0.9832603E+00  -0.2690966E+01
   18  -0.8461715E+01   0.5518831E+00   0.2439976E+00
   19  -0.6907769E+01  -0.2436208E+01   0.1990014E+00
   20   0.8614127E-01   0.1804290E+01  -0.1992508E+01
   21  -0.4449048E+01   0.2233796E+01  -0.1725611E+01
   22   0.1531311E+01  -0.2356793E+01   0.1127771E+01

 Reading esp"s for molecule   2
 total number of atoms      =    22
 total number of esp points =   982


 center     X       Y       Z 
    1   0.4382654E+01  -0.1250828E+00  -0.4452440E+00
    2  -0.2525035E+01  -0.5625488E+00   0.1140336E+00
    3   0.6352947E+01  -0.2158759E+01   0.5473213E-01
    4  -0.1436381E+00   0.3252041E+01   0.1808109E+01
    5  -0.7111492E+01  -0.6345492E+00  -0.7795573E+00
    6  -0.1031526E+00   0.1031514E+01  -0.7775467E-01
    7  -0.4629358E+01   0.5373058E+00  -0.8687014E+00
    8   0.2001995E+01  -0.6604460E+00   0.3741109E+00
    9   0.4911751E+01   0.1869071E+01  -0.1509179E+01
   10  -0.2526212E+01  -0.2651261E+01   0.1129767E+01
   11   0.7189168E+01  -0.2733315E+01  -0.1747600E+01
   12   0.7869514E+01  -0.1350561E+01   0.1205611E+01
   13   0.5598362E+01  -0.3828921E+01   0.1012457E+01
   14  -0.3528081E+00   0.2552014E+01   0.3743940E+01
   15   0.1635785E+01   0.4287813E+01   0.1651110E+01
   16  -0.1702125E+01   0.4556904E+01   0.1409301E+01
   17  -0.7844001E+01  -0.9747244E+00  -0.2686916E+01
   18  -0.8459162E+01   0.5502958E+00   0.2551527E+00
   19  -0.6907121E+01  -0.2438380E+01   0.1956660E+00
   20   0.8610537E-01   0.1803449E+01  -0.1993640E+01
   21  -0.4450995E+01   0.2237564E+01  -0.1718239E+01
   22   0.1530799E+01  -0.2358318E+01   0.1124659E+01

 Reading esp"s for molecule   3
 total number of atoms      =    22
 total number of esp points =   990


 center     X       Y       Z 
    1   0.3262863E+01  -0.8082056E+00   0.4018861E+00
    2  -0.2520148E+01   0.6709151E+00  -0.2128247E+00
    3   0.5804800E+01  -0.1987759E+01  -0.2519080E+00
    4   0.4814890E+00   0.4360127E+01   0.4230908E+00
    5  -0.4770456E+01  -0.3383796E+01   0.6153893E-01
    6  -0.1362568E+00   0.2046583E+01  -0.1204440E+01
    7  -0.2708754E+01  -0.1816407E+01  -0.8439592E+00
    8   0.2033942E+01   0.3487338E+00  -0.1581937E+01
    9   0.2364493E+01  -0.8993319E+00   0.2527989E+01
   10  -0.4184878E+01   0.1851905E+01   0.8767270E+00
   11   0.6026799E+01  -0.2398828E+01  -0.2267743E+01
   12   0.7319468E+01  -0.6959464E+00   0.3220150E+00
   13   0.6026172E+01  -0.3730157E+01   0.8321541E+00
   14   0.1078818E+01   0.3771181E+01   0.2308429E+01
   15   0.1993580E+01   0.5468376E+01  -0.4552199E+00
   16  -0.1203504E+01   0.5535332E+01   0.6105440E+00
   17  -0.4224855E+01  -0.4479932E+01   0.1736050E+01
   18  -0.5387210E+01  -0.4686430E+01  -0.1423574E+01
   19  -0.6330590E+01  -0.2136452E+01   0.5706122E+00
   20  -0.6501338E+00   0.2691408E+01  -0.3108227E+01
   21  -0.1127465E+01  -0.2664733E+01  -0.1492088E+01
   22   0.3031956E+01   0.5921211E+00  -0.3193465E+01
 Initial ssvpot =     1.295


 Number of unique UNfrozen centers=    6

 Non-linear optimization requested.
 qchnge =    0.3109068467E-01
 qchnge =     0.000000000    
 qchnge =     0.000000000    

 Convergence in    2 iterations




  Conf 2                                                                        

          Point Charges Before & After Optimization

    no.  At.no.    q(init)       q(opt)     ivary    d(rstr)/dq
    1   6       0.419932       0.419932     -1       0.002317
    2   6       0.468913       0.468913     -1       0.002086
    3   6      -0.016421      -0.016421     -1       0.009868
    4   6      -0.011173      -0.011173     -1       0.009938
    5   6      -0.007744      -0.007744     -1       0.009970
    6   6       0.009284       0.009284     -1       0.009957
    7   7      -0.472188      -0.472188     -1       0.002072
    8   7      -0.384772      -0.384772     -1       0.002515
    9   8      -0.497636      -0.497636     -1       0.001970
   10   8      -0.471078      -0.471078     -1       0.002077
   11   1       0.023459       0.031375      0       0.000000
   12   1       0.036670       0.031375     11       0.000000
   13   1       0.033996       0.031375     11       0.000000
   14   1       0.042848       0.024164      0       0.000000
   15   1       0.015252       0.024164     14       0.000000
   16   1       0.011285       0.024164     14       0.000000
   17   1       0.070876       0.061722      0       0.000000
   18   1       0.051465       0.061722     17       0.000000
   19   1       0.060826       0.061722     17       0.000000
   20   1       0.086529       0.077036      0       0.000000
   21   1       0.296764       0.294765      0       0.000000
   22   1       0.232912       0.239297      0       0.000000

   23   6       0.419932       0.419932      1       0.002317
   24   6       0.468913       0.468913      2       0.002086
   25   6      -0.016421      -0.016421      3       0.009868
   26   6      -0.011173      -0.011173      4       0.009938
   27   6      -0.007744      -0.007744      5       0.009970
   28   6       0.009284       0.009284      6       0.009957
   29   7      -0.472188      -0.472188      7       0.002072
   30   7      -0.384772      -0.384772      8       0.002515
   31   8      -0.497636      -0.497636      9       0.001970
   32   8      -0.471078      -0.471078     10       0.002077
   33   1       0.023459       0.031375     11       0.000000
   34   1       0.036670       0.031375     11       0.000000
   35   1       0.033996       0.031375     11       0.000000
   36   1       0.042848       0.024164     14       0.000000
   37   1       0.015252       0.024164     14       0.000000
   38   1       0.011285       0.024164     14       0.000000
   39   1       0.070876       0.061722     17       0.000000
   40   1       0.051465       0.061722     17       0.000000
   41   1       0.060826       0.061722     17       0.000000
   42   1       0.086529       0.077036     20       0.000000
   43   1       0.296764       0.294765     21       0.000000
   44   1       0.232912       0.239297     22       0.000000

   45   6       0.419932       0.419932      1       0.002317
   46   6       0.468913       0.468913      2       0.002086
   47   6      -0.016421      -0.016421      3       0.009868
   48   6      -0.011173      -0.011173      4       0.009938
   49   6      -0.007744      -0.007744      5       0.009970
   50   6       0.009284       0.009284      6       0.009957
   51   7      -0.472188      -0.472188      7       0.002072
   52   7      -0.384772      -0.384772      8       0.002515
   53   8      -0.497636      -0.497636      9       0.001970
   54   8      -0.471078      -0.471078     10       0.002077
   55   1       0.023459       0.031375     11       0.000000
   56   1       0.036670       0.031375     11       0.000000
   57   1       0.033996       0.031375     11       0.000000
   58   1       0.042848       0.024164     14       0.000000
   59   1       0.015252       0.024164     14       0.000000
   60   1       0.011285       0.024164     14       0.000000
   61   1       0.070876       0.061722     17       0.000000
   62   1       0.051465       0.061722     17       0.000000
   63   1       0.060826       0.061722     17       0.000000
   64   1       0.086529       0.077036     20       0.000000
   65   1       0.296764       0.294765     21       0.000000
   66   1       0.232912       0.239297     22       0.000000

 Sum over the calculated charges:     -0.000

        Statistics of the fitting:
  The initial sum of squares (ssvpot)                      1.295
  The residual sum of squares (chipot)                     0.025
  The std err of estimate (sqrt(chipot/N))               0.00504
  ESP relative RMS (SQRT(chipot/ssvpot))                 0.13934
